<?xml version="1.0" encoding="UTF-8"?>
<testsuite name="Seleccion de fecha" tests="1" skipped="0" failures="0" errors="0" timestamp="2022-01-05T22:16:42" hostname="22LAP5CG0525FBR" time="10.958">
  <properties/>
  <testcase name="se debe poder seleccionar una fecha del calendario" classname="Seleccion de fecha" time="10.958"/>
  <system-out><![CDATA[17:16:43.348 [Test worker] INFO net.serenitybdd.core.webdriver.driverproviders.ProvideNewDriver - Instantiating driver
17:16:43.348 [Test worker] INFO net.serenitybdd.core.webdriver.driverproviders.ProvideNewDriver - Driver capabilities: Capabilities {acceptInsecureCerts: false, acceptSslCerts: true, browserName: chrome, goog:chromeOptions: {args: [], extensions: []}, incognito: true, loggingPrefs: org.openqa.selenium.logging..., platform: ANY, version: }
17:16:51.492 [Test worker] DEBUG net.serenitybdd.core.photography.Darkroom - Opening darkroom
17:16:51.494 [Darkroom Processing Line] DEBUG net.serenitybdd.core.photography.DarkroomProcessingLine - Darkroom processing line starting up
17:16:51.829 [Test worker] DEBUG net.serenitybdd.core.photography.Darkroom - Send negative for processing for C:\Select_Date\target\site\serenity\4ca73b2e8c8dc49a8f2b2309315f43b274cf1ce1c74f0bdf695c624c03887067.png
17:16:52.039 [Test worker] DEBUG net.serenitybdd.core.photography.Darkroom - Send negative for processing for C:\Select_Date\target\site\serenity\4ca73b2e8c8dc49a8f2b2309315f43b274cf1ce1c74f0bdf695c624c03887067.png
17:16:53.423 [Test worker] INFO net.thucydides.core.steps.ConsoleLoggingListener - ?[92m
        __    _____ _____ ____ _____   ____   _    ____  ____  _____ ____  
  _     \ \  |_   _| ____/ ___|_   _| |  _ \ / \  / ___|/ ___|| ____|  _ \ 
 (_)_____| |   | | |  _| \___ \ | |   | |_) / _ \ \___ \\___ \|  _| | | | |
  _|_____| |   | | | |___ ___) || |   |  __/ ___ \ ___) |___) | |___| |_| |
 (_)     | |   |_| |_____|____/ |_|   |_| /_/   \_\____/|____/|_____|____/ 
        /_/                                                                

TEST PASSED: se debe poder seleccionar una fecha del calendario
----------------------------------------------------------------------------?[0m
]]></system-out>
  <system-err><![CDATA[ene 05, 2022 5:16:42 PM org.openqa.selenium.remote.DesiredCapabilities chrome
INFORMACIÓN: Using `new ChromeOptions()` is preferred to `DesiredCapabilities.chrome()`
Starting ChromeDriver 96.0.4664.45 (76e4c1bb2ab4671b8beba3444e61c0f17584b2fc-refs/branch-heads/4664@{#947}) on port 2403
Only local connections are allowed.
Please see https://chromedriver.chromium.org/security-considerations for suggestions on keeping ChromeDriver safe.
ChromeDriver was started successfully.
ene 05, 2022 5:16:48 PM org.openqa.selenium.remote.ProtocolHandshake createSession
INFORMACIÓN: Detected dialect: W3C
]]></system-err>
</testsuite>
