<?xml version="1.0" encoding="UTF-8"?>
<testsuite name="com.indra.runners.DateRunners" tests="0" skipped="0" failures="0" errors="0" timestamp="1970-01-01T00:00:00" hostname="22LAP5CG0525FBR" time="0.0">
  <properties/>
  <system-out><![CDATA[17:16:41.818 [Test worker] DEBUG net.thucydides.core.util.PropertiesFileLocalPreferences - LOADING LOCAL PROPERTIES FROM C:\Select_Date\serenity.properties 
17:16:41.894 [Test worker] DEBUG net.thucydides.core.util.PropertiesFileLocalPreferences - LOADING LOCAL PROPERTIES FROM C:\Select_Date\serenity.properties 
17:16:41.896 [Test worker] DEBUG net.thucydides.core.util.PropertiesFileLocalPreferences - LOADING LOCAL PROPERTIES FROM C:\Select_Date\serenity.properties 
17:16:41.906 [Test worker] DEBUG net.thucydides.core.util.PropertiesFileLocalPreferences - webdriver.driver=chrome
17:16:41.906 [Test worker] DEBUG net.thucydides.core.util.PropertiesFileLocalPreferences - chrome.capabilities.incognito=true
17:16:41.906 [Test worker] DEBUG net.thucydides.core.util.PropertiesFileLocalPreferences - webdriver.chrome.driver=src/test/resources/drivers/chromedriver.exe
17:16:41.906 [Test worker] DEBUG net.thucydides.core.util.PropertiesFileLocalPreferences - chrome.capabilities.acceptSslCerts=true
17:16:41.906 [Test worker] DEBUG net.thucydides.core.util.PropertiesFileLocalPreferences - serenity.console.colors=true
17:16:41.907 [Test worker] DEBUG net.thucydides.core.util.PropertiesFileLocalPreferences - webdriver.base.url=https://webdriveruniversity.com/Datepicker/
17:16:41.907 [Test worker] DEBUG net.thucydides.core.util.PropertiesFileLocalPreferences - serenity.project.name=Select_Date
17:16:41.907 [Test worker] DEBUG net.thucydides.core.util.PropertiesFileLocalPreferences - webdriver.wait.for.timeout=6000
17:16:41.907 [Test worker] DEBUG net.thucydides.core.util.PropertiesFileLocalPreferences - serenity.use.unique.browser=true
17:16:41.907 [Test worker] DEBUG net.thucydides.core.util.PropertiesFileLocalPreferences - webdriver.timeouts.implicitlywait=10000
17:16:41.907 [Test worker] DEBUG net.thucydides.core.util.PropertiesFileLocalPreferences - serenity.browser.maximized=true
17:16:42.295 [Test worker] DEBUG net.thucydides.core.util.PropertiesFileLocalPreferences - LOADING LOCAL PROPERTIES FROM C:\Select_Date\serenity.properties 
17:16:42.305 [Test worker] DEBUG net.thucydides.core.util.PropertiesFileLocalPreferences - LOADING LOCAL PROPERTIES FROM C:\Select_Date\serenity.properties 
17:16:42.307 [Test worker] DEBUG net.thucydides.core.util.PropertiesFileLocalPreferences - LOADING LOCAL PROPERTIES FROM C:\Select_Date\serenity.properties 
17:16:42.309 [Test worker] DEBUG net.thucydides.core.util.PropertiesFileLocalPreferences - webdriver.driver=chrome
17:16:42.309 [Test worker] DEBUG net.thucydides.core.util.PropertiesFileLocalPreferences - chrome.capabilities.incognito=true
17:16:42.309 [Test worker] DEBUG net.thucydides.core.util.PropertiesFileLocalPreferences - webdriver.chrome.driver=src/test/resources/drivers/chromedriver.exe
17:16:42.310 [Test worker] DEBUG net.thucydides.core.util.PropertiesFileLocalPreferences - chrome.capabilities.acceptSslCerts=true
17:16:42.310 [Test worker] DEBUG net.thucydides.core.util.PropertiesFileLocalPreferences - serenity.console.colors=true
17:16:42.310 [Test worker] DEBUG net.thucydides.core.util.PropertiesFileLocalPreferences - webdriver.base.url=https://webdriveruniversity.com/Datepicker/
17:16:42.310 [Test worker] DEBUG net.thucydides.core.util.PropertiesFileLocalPreferences - serenity.project.name=Select_Date
17:16:42.310 [Test worker] DEBUG net.thucydides.core.util.PropertiesFileLocalPreferences - webdriver.wait.for.timeout=6000
17:16:42.310 [Test worker] DEBUG net.thucydides.core.util.PropertiesFileLocalPreferences - serenity.use.unique.browser=true
17:16:42.311 [Test worker] DEBUG net.thucydides.core.util.PropertiesFileLocalPreferences - webdriver.timeouts.implicitlywait=10000
17:16:42.311 [Test worker] DEBUG net.thucydides.core.util.PropertiesFileLocalPreferences - serenity.browser.maximized=true
17:16:42.319 [Test worker] INFO net.thucydides.core.steps.ConsoleLoggingListener - ?[96m

-------------------------------------------------------------------------------------
     _______. _______ .______       _______ .__   __.  __  .___________.____    ____ 
    /       ||   ____||   _  \     |   ____||  \ |  | |  | |           |\   \  /   / 
   |   (----`|  |__   |  |_)  |    |  |__   |   \|  | |  | `---|  |----` \   \/   /  
    \   \    |   __|  |      /     |   __|  |  . `  | |  |     |  |       \_    _/   
.----)   |   |  |____ |  |\  \----.|  |____ |  |\   | |  |     |  |         |  |     
|_______/    |_______|| _| `._____||_______||__| \__| |__|     |__|         |__|    
                                                                                     
 News and tutorials at http://www.serenity-bdd.info                                  
 Documentation at https://wakaleo.gitbooks.io/the-serenity-book/content/             
 Join the Serenity Community on Rocket Chat at https://serenity-bdd.rocket.chat      
 Serenity BDD Support and Training at http://serenity-bdd.info/#/trainingandsupport  
 Learn Serenity BDD online at http://serenity-dojo.com                               
-------------------------------------------------------------------------------------
?[0m
17:16:42.325 [Test worker] DEBUG net.thucydides.core.steps.StepEventBus - Test suite started for story net.thucydides.core.model.Story@618efd81
17:16:42.327 [Test worker] INFO net.thucydides.core.steps.ConsoleLoggingListener - Test Suite Started: Seleccion de fecha
17:16:42.391 [Test worker] INFO net.thucydides.core.steps.ConsoleLoggingListener - 
 _____ _____ ____ _____   ____ _____  _    ____ _____ _____ ____  
|_   _| ____/ ___|_   _| / ___|_   _|/ \  |  _ \_   _| ____|  _ \ 
  | | |  _| \___ \ | |   \___ \ | | / _ \ | |_) || | |  _| | | | |
  | | | |___ ___) || |    ___) || |/ ___ \|  _ < | | | |___| |_| |
  |_| |_____|____/ |_|   |____/ |_/_/   \_\_| \_\|_| |_____|____/ 
                                                                  

TEST STARTED: se debe poder seleccionar una fecha del calendario
-------------------------------------------------------------------(seleccion-de-fecha;se-debe-poder-seleccionar-una-fecha-del-calendario)
17:16:53.432 [Test worker] DEBUG net.thucydides.core.reports.ReportService - Reporting formats: [JSON, HTML]
17:16:53.509 [Test worker] DEBUG net.thucydides.core.reports.ReportService - Reporting formats: [JSON, HTML]
17:16:53.524 [Test worker] DEBUG net.thucydides.core.reports.ReportService - Generating reports for 1 test outcomes using: net.thucydides.core.reports.json.JSONTestOutcomeReporter@24c91fda
17:16:53.526 [pool-1-thread-1] DEBUG net.thucydides.core.reports.ReportService - Processing test outcome Seleccion de fecha:se debe poder seleccionar una fecha del calendario
17:16:53.526 [pool-1-thread-1] DEBUG net.thucydides.core.reports.ReportService - net.thucydides.core.reports.json.JSONTestOutcomeReporter@24c91fda: Generating report for test outcome: Seleccion de fecha:se debe poder seleccionar una fecha del calendario
17:16:53.531 [pool-1-thread-1] DEBUG net.thucydides.core.reports.json.JSONTestOutcomeReporter - Generating JSON report for se debe poder seleccionar una fecha del calendario to file C:\Select_Date\target\site\serenity\2e383e617b68b5b7e965757281056c999f310f7508878a9269e81a23c166768d.json (using temp file C:\Select_Date\target\site\serenity\2e383e617b68b5b7e965757281056c999f310f7508878a9269e81a23c166768d.jsonea89e470-11ea-4410-932b-6fda16fc82df)
17:16:53.592 [pool-1-thread-1] DEBUG net.thucydides.core.reports.ReportService - Processing test outcome Seleccion de fecha:se debe poder seleccionar una fecha del calendario done
17:16:53.592 [Test worker] DEBUG net.thucydides.core.reports.ReportService - Shutting down executor service
17:16:53.593 [Test worker] DEBUG net.thucydides.core.reports.ReportService - Reports generated in: 69 ms
17:16:53.593 [Test worker] DEBUG net.thucydides.core.reports.ReportService - Generating reports for 1 test outcomes using: net.thucydides.core.reports.html.HtmlAcceptanceTestReporter@9cf53a7
17:16:53.595 [pool-2-thread-1] DEBUG net.thucydides.core.reports.ReportService - Processing test outcome Seleccion de fecha:se debe poder seleccionar una fecha del calendario
17:16:53.595 [pool-2-thread-1] DEBUG net.thucydides.core.reports.ReportService - net.thucydides.core.reports.html.HtmlAcceptanceTestReporter@9cf53a7: Generating report for test outcome: Seleccion de fecha:se debe poder seleccionar una fecha del calendario
17:16:53.596 [pool-2-thread-1] DEBUG net.thucydides.core.reports.html.HtmlAcceptanceTestReporter - GENERATE TEST OUTCOME REPORT FOR se debe poder seleccionar una fecha del calendario in 2e383e617b68b5b7e965757281056c999f310f7508878a9269e81a23c166768d
17:16:53.615 [pool-2-thread-1] DEBUG net.thucydides.core.requirements.RequirementsTagProvider -  found:[]
17:16:53.622 [pool-2-thread-1] DEBUG net.thucydides.core.requirements.RequirementsTagProvider -  found:[]
17:16:53.695 [pool-2-thread-1] DEBUG net.thucydides.core.requirements.RequirementsTagProvider -  found:[]
17:16:53.696 [pool-2-thread-1] DEBUG net.thucydides.core.requirements.RequirementsTagProvider -  found:[]
17:16:53.824 [pool-2-thread-1] DEBUG net.thucydides.core.reports.html.HtmlAcceptanceTestReporter - Generating report in 2e383e617b68b5b7e965757281056c999f310f7508878a9269e81a23c166768d_screenshots.html
17:16:54.259 [pool-2-thread-1] DEBUG net.thucydides.core.reports.html.HtmlAcceptanceTestReporter - Generated report 2e383e617b68b5b7e965757281056c999f310f7508878a9269e81a23c166768d_screenshots.html in 435 ms
17:16:54.261 [pool-2-thread-1] DEBUG net.thucydides.core.reports.html.HtmlAcceptanceTestReporter - GENERATING HTML REPORT FOR Seleccion de fecha:se debe poder seleccionar una fecha del calendario in 2e383e617b68b5b7e965757281056c999f310f7508878a9269e81a23c166768d.html in directory C:\Select_Date\target\site\serenity  
17:16:54.264 [pool-2-thread-1] DEBUG net.thucydides.core.reports.html.HtmlAcceptanceTestReporter - Generating report in 2e383e617b68b5b7e965757281056c999f310f7508878a9269e81a23c166768d.html
17:16:54.303 [pool-2-thread-1] DEBUG net.thucydides.core.requirements.RequirementsTagProvider -  found:[]
17:16:54.307 [pool-2-thread-1] DEBUG net.thucydides.core.requirements.RequirementsTagProvider -  found:[]
17:16:54.380 [pool-2-thread-1] DEBUG net.thucydides.core.reports.html.HtmlAcceptanceTestReporter - Generated report 2e383e617b68b5b7e965757281056c999f310f7508878a9269e81a23c166768d.html in 116 ms
17:16:54.380 [pool-2-thread-1] DEBUG net.thucydides.core.reports.ReportService - Processing test outcome Seleccion de fecha:se debe poder seleccionar una fecha del calendario done
17:16:54.380 [Test worker] DEBUG net.thucydides.core.reports.ReportService - Shutting down executor service
17:16:54.381 [Test worker] DEBUG net.thucydides.core.reports.ReportService - Reports generated in: 788 ms
17:16:54.587 [Test worker] DEBUG net.serenitybdd.core.photography.Darkroom - Closing darkroom
17:16:54.587 [Darkroom Processing Line] DEBUG net.serenitybdd.core.photography.DarkroomProcessingLine - Darkroom processing line shutting down

1 Scenarios (?[32m1 passed?[0m)
3 Steps (?[32m3 passed?[0m)
0m11,287s

]]></system-out>
  <system-err><![CDATA[]]></system-err>
</testsuite>
